2023-02-02 20:23:29,810 DEBUG [main] InternalLoggerFactory:89 - Using Log4J as the default logging framework
2023-02-02 20:23:29,817 DEBUG [main] ResourceLeakDetector:129 - -Dio.netty.leakDetection.level: simple
2023-02-02 20:23:29,817 DEBUG [main] ResourceLeakDetector:130 - -Dio.netty.leakDetection.targetRecords: 4
2023-02-02 20:23:29,823 DEBUG [main] ResourceLeakDetectorFactory:196 - Loaded default ResourceLeakDetector: io.netty.util.ResourceLeakDetector@64b73e7a
2023-02-02 20:23:29,843 DEBUG [main] PlatformDependent0:460 - -Dio.netty.noUnsafe: false
2023-02-02 20:23:29,844 DEBUG [main] PlatformDependent0:954 - Java version: 18
2023-02-02 20:23:29,845 DEBUG [main] PlatformDependent0:135 - sun.misc.Unsafe.theUnsafe: available
2023-02-02 20:23:29,846 DEBUG [main] PlatformDependent0:159 - sun.misc.Unsafe.copyMemory: available
2023-02-02 20:23:29,848 DEBUG [main] PlatformDependent0:202 - java.nio.Buffer.address: available
2023-02-02 20:23:29,850 DEBUG [main] PlatformDependent0:282 - direct buffer constructor: unavailable
java.lang.UnsupportedOperationException: Reflective setAccessible(true) disabled
	at io.netty.util.internal.ReflectionUtil.trySetAccessible(ReflectionUtil.java:31)
	at io.netty.util.internal.PlatformDependent0$4.run(PlatformDependent0.java:253)
	at java.base/java.security.AccessController.doPrivileged(AccessController.java:318)
	at io.netty.util.internal.PlatformDependent0.<clinit>(PlatformDependent0.java:247)
	at io.netty.util.internal.PlatformDependent.isAndroid(PlatformDependent.java:294)
	at io.netty.util.internal.PlatformDependent.<clinit>(PlatformDependent.java:88)
	at io.netty.util.HashedWheelTimer.<init>(HashedWheelTimer.java:112)
	at io.netty.util.HashedWheelTimer.<init>(HashedWheelTimer.java:221)
	at io.netty.util.HashedWheelTimer.<init>(HashedWheelTimer.java:200)
	at org.asynchttpclient.DefaultAsyncHttpClient.newNettyTimer(DefaultAsyncHttpClient.java:111)
	at org.asynchttpclient.DefaultAsyncHttpClient.<init>(DefaultAsyncHttpClient.java:90)
	at org.asynchttpclient.Dsl.asyncHttpClient(Dsl.java:32)
	at org.openqa.selenium.remote.http.netty.NettyClient.createHttpClient(NettyClient.java:114)
	at org.openqa.selenium.remote.http.netty.NettyClient.<clinit>(NettyClient.java:57)
	at org.openqa.selenium.remote.http.netty.NettyClient$Factory.createClient(NettyClient.java:163)
	at org.openqa.selenium.remote.HttpCommandExecutor.<init>(HttpCommandExecutor.java:107)
	at org.openqa.selenium.remote.HttpCommandExecutor.<init>(HttpCommandExecutor.java:94)
	at org.openqa.selenium.remote.HttpCommandExecutor.<init>(HttpCommandExecutor.java:85)
	at org.openqa.selenium.remote.service.DriverCommandExecutor.<init>(DriverCommandExecutor.java:77)
	at org.openqa.selenium.chromium.ChromiumDriverCommandExecutor.<init>(ChromiumDriverCommandExecutor.java:35)
	at org.openqa.selenium.chrome.ChromeDriver$ChromeDriverCommandExecutor.<init>(ChromeDriver.java:111)
	at org.openqa.selenium.chrome.ChromeDriver.<init>(ChromeDriver.java:104)
	at org.openqa.selenium.chrome.ChromeDriver.<init>(ChromeDriver.java:91)
	at org.openqa.selenium.chrome.ChromeDriver.<init>(ChromeDriver.java:80)
	at com.qa.selenium.base.TestBase.initialization(TestBase.java:65)
	at com.qa.selenium.tests.FileUploadPageTest.setup(FileUploadPageTest.java:21)
	at java.base/jdk.internal.reflect.DirectMethodHandleAccessor.invoke(DirectMethodHandleAccessor.java:104)
	at java.base/java.lang.reflect.Method.invoke(Method.java:577)
	at org.testng.internal.MethodInvocationHelper.invokeMethod(MethodInvocationHelper.java:108)
	at org.testng.internal.Invoker.invokeConfigurationMethod(Invoker.java:523)
	at org.testng.internal.Invoker.invokeConfigurations(Invoker.java:224)
	at org.testng.internal.Invoker.invokeMethod(Invoker.java:599)
	at org.testng.internal.Invoker.invokeTestMethod(Invoker.java:869)
	at org.testng.internal.Invoker.invokeTestMethods(Invoker.java:1193)
	at org.testng.internal.TestMethodWorker.invokeTestMethods(TestMethodWorker.java:126)
	at org.testng.internal.TestMethodWorker.run(TestMethodWorker.java:109)
	at org.testng.TestRunner.privateRun(TestRunner.java:744)
	at org.testng.TestRunner.run(TestRunner.java:602)
	at org.testng.SuiteRunner.runTest(SuiteRunner.java:380)
	at org.testng.SuiteRunner.runSequentially(SuiteRunner.java:375)
	at org.testng.SuiteRunner.privateRun(SuiteRunner.java:340)
	at org.testng.SuiteRunner.run(SuiteRunner.java:289)
	at org.testng.SuiteRunnerWorker.runSuite(SuiteRunnerWorker.java:52)
	at org.testng.SuiteRunnerWorker.run(SuiteRunnerWorker.java:86)
	at org.testng.TestNG.runSuitesSequentially(TestNG.java:1301)
	at org.testng.TestNG.runSuitesLocally(TestNG.java:1226)
	at org.testng.TestNG.runSuites(TestNG.java:1144)
	at org.testng.TestNG.run(TestNG.java:1115)
	at org.testng.remote.AbstractRemoteTestNG.run(AbstractRemoteTestNG.java:115)
	at org.testng.remote.RemoteTestNG.initAndRun(RemoteTestNG.java:251)
	at org.testng.remote.RemoteTestNG.main(RemoteTestNG.java:77)
2023-02-02 20:23:29,853 DEBUG [main] PlatformDependent0:350 - java.nio.Bits.unaligned: available, true
2023-02-02 20:23:29,855 DEBUG [main] PlatformDependent0:414 - jdk.internal.misc.Unsafe.allocateUninitializedArray(int): unavailable
java.lang.IllegalAccessException: class io.netty.util.internal.PlatformDependent0$6 cannot access class jdk.internal.misc.Unsafe (in module java.base) because module java.base does not export jdk.internal.misc to unnamed module @762efe5d
	at java.base/jdk.internal.reflect.Reflection.newIllegalAccessException(Reflection.java:394)
	at java.base/java.lang.reflect.AccessibleObject.checkAccess(AccessibleObject.java:674)
	at java.base/java.lang.reflect.Method.invoke(Method.java:568)
	at io.netty.util.internal.PlatformDependent0$6.run(PlatformDependent0.java:375)
	at java.base/java.security.AccessController.doPrivileged(AccessController.java:318)
	at io.netty.util.internal.PlatformDependent0.<clinit>(PlatformDependent0.java:366)
	at io.netty.util.internal.PlatformDependent.isAndroid(PlatformDependent.java:294)
	at io.netty.util.internal.PlatformDependent.<clinit>(PlatformDependent.java:88)
	at io.netty.util.HashedWheelTimer.<init>(HashedWheelTimer.java:112)
	at io.netty.util.HashedWheelTimer.<init>(HashedWheelTimer.java:221)
	at io.netty.util.HashedWheelTimer.<init>(HashedWheelTimer.java:200)
	at org.asynchttpclient.DefaultAsyncHttpClient.newNettyTimer(DefaultAsyncHttpClient.java:111)
	at org.asynchttpclient.DefaultAsyncHttpClient.<init>(DefaultAsyncHttpClient.java:90)
	at org.asynchttpclient.Dsl.asyncHttpClient(Dsl.java:32)
	at org.openqa.selenium.remote.http.netty.NettyClient.createHttpClient(NettyClient.java:114)
	at org.openqa.selenium.remote.http.netty.NettyClient.<clinit>(NettyClient.java:57)
	at org.openqa.selenium.remote.http.netty.NettyClient$Factory.createClient(NettyClient.java:163)
	at org.openqa.selenium.remote.HttpCommandExecutor.<init>(HttpCommandExecutor.java:107)
	at org.openqa.selenium.remote.HttpCommandExecutor.<init>(HttpCommandExecutor.java:94)
	at org.openqa.selenium.remote.HttpCommandExecutor.<init>(HttpCommandExecutor.java:85)
	at org.openqa.selenium.remote.service.DriverCommandExecutor.<init>(DriverCommandExecutor.java:77)
	at org.openqa.selenium.chromium.ChromiumDriverCommandExecutor.<init>(ChromiumDriverCommandExecutor.java:35)
	at org.openqa.selenium.chrome.ChromeDriver$ChromeDriverCommandExecutor.<init>(ChromeDriver.java:111)
	at org.openqa.selenium.chrome.ChromeDriver.<init>(ChromeDriver.java:104)
	at org.openqa.selenium.chrome.ChromeDriver.<init>(ChromeDriver.java:91)
	at org.openqa.selenium.chrome.ChromeDriver.<init>(ChromeDriver.java:80)
	at com.qa.selenium.base.TestBase.initialization(TestBase.java:65)
	at com.qa.selenium.tests.FileUploadPageTest.setup(FileUploadPageTest.java:21)
	at java.base/jdk.internal.reflect.DirectMethodHandleAccessor.invoke(DirectMethodHandleAccessor.java:104)
	at java.base/java.lang.reflect.Method.invoke(Method.java:577)
	at org.testng.internal.MethodInvocationHelper.invokeMethod(MethodInvocationHelper.java:108)
	at org.testng.internal.Invoker.invokeConfigurationMethod(Invoker.java:523)
	at org.testng.internal.Invoker.invokeConfigurations(Invoker.java:224)
	at org.testng.internal.Invoker.invokeMethod(Invoker.java:599)
	at org.testng.internal.Invoker.invokeTestMethod(Invoker.java:869)
	at org.testng.internal.Invoker.invokeTestMethods(Invoker.java:1193)
	at org.testng.internal.TestMethodWorker.invokeTestMethods(TestMethodWorker.java:126)
	at org.testng.internal.TestMethodWorker.run(TestMethodWorker.java:109)
	at org.testng.TestRunner.privateRun(TestRunner.java:744)
	at org.testng.TestRunner.run(TestRunner.java:602)
	at org.testng.SuiteRunner.runTest(SuiteRunner.java:380)
	at org.testng.SuiteRunner.runSequentially(SuiteRunner.java:375)
	at org.testng.SuiteRunner.privateRun(SuiteRunner.java:340)
	at org.testng.SuiteRunner.run(SuiteRunner.java:289)
	at org.testng.SuiteRunnerWorker.runSuite(SuiteRunnerWorker.java:52)
	at org.testng.SuiteRunnerWorker.run(SuiteRunnerWorker.java:86)
	at org.testng.TestNG.runSuitesSequentially(TestNG.java:1301)
	at org.testng.TestNG.runSuitesLocally(TestNG.java:1226)
	at org.testng.TestNG.runSuites(TestNG.java:1144)
	at org.testng.TestNG.run(TestNG.java:1115)
	at org.testng.remote.AbstractRemoteTestNG.run(AbstractRemoteTestNG.java:115)
	at org.testng.remote.RemoteTestNG.initAndRun(RemoteTestNG.java:251)
	at org.testng.remote.RemoteTestNG.main(RemoteTestNG.java:77)
2023-02-02 20:23:29,857 DEBUG [main] PlatformDependent0:446 - java.nio.DirectByteBuffer.<init>(long, int): unavailable
2023-02-02 20:23:29,858 DEBUG [main] PlatformDependent:1103 - sun.misc.Unsafe: available
2023-02-02 20:23:29,869 DEBUG [main] PlatformDependent:1205 - maxDirectMemory: 2099249152 bytes (maybe)
2023-02-02 20:23:29,870 DEBUG [main] PlatformDependent:1224 - -Dio.netty.tmpdir: C:\Users\yashh\AppData\Local\Temp (java.io.tmpdir)
2023-02-02 20:23:29,871 DEBUG [main] PlatformDependent:1303 - -Dio.netty.bitMode: 64 (sun.arch.data.model)
2023-02-02 20:23:29,871 DEBUG [main] PlatformDependent:1063 - Platform: Windows
2023-02-02 20:23:29,873 DEBUG [main] PlatformDependent:178 - -Dio.netty.maxDirectMemory: -1 bytes
2023-02-02 20:23:29,873 DEBUG [main] PlatformDependent:185 - -Dio.netty.uninitializedArrayAllocationThreshold: -1
2023-02-02 20:23:29,875 DEBUG [main] CleanerJava9:71 - java.nio.ByteBuffer.cleaner(): available
2023-02-02 20:23:29,876 DEBUG [main] PlatformDependent:205 - -Dio.netty.noPreferDirect: false
2023-02-02 20:23:29,884 DEBUG [main] PlatformDependent:967 - org.jctools-core.MpscChunkedArrayQueue: available
2023-02-02 20:23:29,905 DEBUG [main] InternalThreadLocalMap:83 - -Dio.netty.threadLocalMap.stringBuilder.initialSize: 1024
2023-02-02 20:23:29,906 DEBUG [main] InternalThreadLocalMap:86 - -Dio.netty.threadLocalMap.stringBuilder.maxSize: 4096
2023-02-02 20:23:29,923 DEBUG [main] JdkSslContext:97 - Default protocols (JDK): [TLSv1.3, TLSv1.2] 
2023-02-02 20:23:29,923 DEBUG [main] JdkSslContext:98 - Default cipher suites (JDK): [TLS_ECDHE_ECDSA_WITH_AES_256_GCM_SHA384, TLS_ECDHE_ECDSA_WITH_AES_128_GCM_SHA256, TLS_ECDHE_RSA_WITH_AES_128_GCM_SHA256, TLS_ECDHE_RSA_WITH_AES_256_GCM_SHA384, TLS_ECDHE_RSA_WITH_AES_128_CBC_SHA, TLS_ECDHE_RSA_WITH_AES_256_CBC_SHA, TLS_RSA_WITH_AES_128_GCM_SHA256, TLS_RSA_WITH_AES_128_CBC_SHA, TLS_RSA_WITH_AES_256_CBC_SHA, TLS_AES_128_GCM_SHA256, TLS_AES_256_GCM_SHA384]
2023-02-02 20:23:29,948 DEBUG [main] MultithreadEventLoopGroup:44 - -Dio.netty.eventLoopThreads: 16
2023-02-02 20:23:29,959 DEBUG [main] NioEventLoop:106 - -Dio.netty.noKeySetOptimization: false
2023-02-02 20:23:29,959 DEBUG [main] NioEventLoop:107 - -Dio.netty.selectorAutoRebuildThreshold: 512
2023-02-02 20:23:29,972 DEBUG [main] NioEventLoop:260 - instrumented a special java.util.Set into: sun.nio.ch.WEPollSelectorImpl@6b9ce1bf
2023-02-02 20:23:29,973 DEBUG [main] NioEventLoop:260 - instrumented a special java.util.Set into: sun.nio.ch.WEPollSelectorImpl@79da1ec0
2023-02-02 20:23:29,975 DEBUG [main] NioEventLoop:260 - instrumented a special java.util.Set into: sun.nio.ch.WEPollSelectorImpl@192d74fb
2023-02-02 20:23:29,976 DEBUG [main] NioEventLoop:260 - instrumented a special java.util.Set into: sun.nio.ch.WEPollSelectorImpl@62ea3440
2023-02-02 20:23:29,977 DEBUG [main] NioEventLoop:260 - instrumented a special java.util.Set into: sun.nio.ch.WEPollSelectorImpl@556d0826
2023-02-02 20:23:29,979 DEBUG [main] NioEventLoop:260 - instrumented a special java.util.Set into: sun.nio.ch.WEPollSelectorImpl@55b5f5d2
2023-02-02 20:23:29,981 DEBUG [main] NioEventLoop:260 - instrumented a special java.util.Set into: sun.nio.ch.WEPollSelectorImpl@666b83a4
2023-02-02 20:23:29,982 DEBUG [main] NioEventLoop:260 - instrumented a special java.util.Set into: sun.nio.ch.WEPollSelectorImpl@efde75f
2023-02-02 20:23:29,983 DEBUG [main] NioEventLoop:260 - instrumented a special java.util.Set into: sun.nio.ch.WEPollSelectorImpl@3b220bcb
2023-02-02 20:23:29,984 DEBUG [main] NioEventLoop:260 - instrumented a special java.util.Set into: sun.nio.ch.WEPollSelectorImpl@4a3329b9
2023-02-02 20:23:29,985 DEBUG [main] NioEventLoop:260 - instrumented a special java.util.Set into: sun.nio.ch.WEPollSelectorImpl@160ac7fb
2023-02-02 20:23:29,986 DEBUG [main] NioEventLoop:260 - instrumented a special java.util.Set into: sun.nio.ch.WEPollSelectorImpl@41925502
2023-02-02 20:23:29,987 DEBUG [main] NioEventLoop:260 - instrumented a special java.util.Set into: sun.nio.ch.WEPollSelectorImpl@5316e95f
2023-02-02 20:23:29,989 DEBUG [main] NioEventLoop:260 - instrumented a special java.util.Set into: sun.nio.ch.WEPollSelectorImpl@6c6c5427
2023-02-02 20:23:29,990 DEBUG [main] NioEventLoop:260 - instrumented a special java.util.Set into: sun.nio.ch.WEPollSelectorImpl@5b40ceb
2023-02-02 20:23:29,992 DEBUG [main] NioEventLoop:260 - instrumented a special java.util.Set into: sun.nio.ch.WEPollSelectorImpl@1d8062d2
2023-02-02 20:23:30,014 DEBUG [main] PooledByteBufAllocator:155 - -Dio.netty.allocator.numHeapArenas: 16
2023-02-02 20:23:30,015 DEBUG [main] PooledByteBufAllocator:156 - -Dio.netty.allocator.numDirectArenas: 16
2023-02-02 20:23:30,015 DEBUG [main] PooledByteBufAllocator:158 - -Dio.netty.allocator.pageSize: 8192
2023-02-02 20:23:30,015 DEBUG [main] PooledByteBufAllocator:163 - -Dio.netty.allocator.maxOrder: 11
2023-02-02 20:23:30,015 DEBUG [main] PooledByteBufAllocator:167 - -Dio.netty.allocator.chunkSize: 16777216
2023-02-02 20:23:30,015 DEBUG [main] PooledByteBufAllocator:168 - -Dio.netty.allocator.smallCacheSize: 256
2023-02-02 20:23:30,016 DEBUG [main] PooledByteBufAllocator:169 - -Dio.netty.allocator.normalCacheSize: 64
2023-02-02 20:23:30,016 DEBUG [main] PooledByteBufAllocator:170 - -Dio.netty.allocator.maxCachedBufferCapacity: 32768
2023-02-02 20:23:30,016 DEBUG [main] PooledByteBufAllocator:171 - -Dio.netty.allocator.cacheTrimInterval: 8192
2023-02-02 20:23:30,016 DEBUG [main] PooledByteBufAllocator:172 - -Dio.netty.allocator.cacheTrimIntervalMillis: 0
2023-02-02 20:23:30,017 DEBUG [main] PooledByteBufAllocator:173 - -Dio.netty.allocator.useCacheForAllThreads: true
2023-02-02 20:23:30,017 DEBUG [main] PooledByteBufAllocator:174 - -Dio.netty.allocator.maxCachedByteBuffersPerChunk: 1023
2023-02-02 20:23:30,026 DEBUG [main] ByteBufUtil:87 - -Dio.netty.allocator.type: pooled
2023-02-02 20:23:30,026 DEBUG [main] ByteBufUtil:96 - -Dio.netty.threadLocalDirectBufferSize: 0
2023-02-02 20:23:30,027 DEBUG [main] ByteBufUtil:99 - -Dio.netty.maxThreadLocalCharBufferSize: 16384
2023-02-02 20:23:30,353 DEBUG [Forwarding newSession on session null to remote] DefaultChannelId:79 - -Dio.netty.processId: 49712 (auto-detected)
2023-02-02 20:23:30,356 DEBUG [Forwarding newSession on session null to remote] NetUtil:135 - -Djava.net.preferIPv4Stack: false
2023-02-02 20:23:30,356 DEBUG [Forwarding newSession on session null to remote] NetUtil:136 - -Djava.net.preferIPv6Addresses: false
2023-02-02 20:23:30,366 DEBUG [Forwarding newSession on session null to remote] NetUtilInitializations:129 - Loopback interface: lo (Software Loopback Interface 1, 127.0.0.1)
2023-02-02 20:23:30,368 DEBUG [Forwarding newSession on session null to remote] NetUtil:187 - Failed to get SOMAXCONN from sysctl and file \proc\sys\net\core\somaxconn. Default: 200
2023-02-02 20:23:30,398 DEBUG [Forwarding newSession on session null to remote] DefaultChannelId:101 - -Dio.netty.machineId: 3c:f0:11:ff:fe:87:bf:bd (auto-detected)
2023-02-02 20:23:30,465 DEBUG [AsyncHttpClient-1-2] AbstractByteBuf:63 - -Dio.netty.buffer.checkAccessible: true
2023-02-02 20:23:30,465 DEBUG [AsyncHttpClient-1-2] AbstractByteBuf:64 - -Dio.netty.buffer.checkBounds: true
2023-02-02 20:23:30,466 DEBUG [AsyncHttpClient-1-2] ResourceLeakDetectorFactory:196 - Loaded default ResourceLeakDetector: io.netty.util.ResourceLeakDetector@773b3961
2023-02-02 20:23:30,540 DEBUG [AsyncHttpClient-1-2] Recycler:103 - -Dio.netty.recycler.maxCapacityPerThread: 4096
2023-02-02 20:23:30,541 DEBUG [AsyncHttpClient-1-2] Recycler:104 - -Dio.netty.recycler.maxSharedCapacityFactor: 2
2023-02-02 20:23:30,541 DEBUG [AsyncHttpClient-1-2] Recycler:105 - -Dio.netty.recycler.linkCapacity: 16
2023-02-02 20:23:30,542 DEBUG [AsyncHttpClient-1-2] Recycler:106 - -Dio.netty.recycler.ratio: 8
2023-02-02 20:23:30,542 DEBUG [AsyncHttpClient-1-2] Recycler:107 - -Dio.netty.recycler.delayedQueue.ratio: 8
2023-02-02 20:23:31,400 DEBUG [AsyncHttpClient-1-2] Brotli:38 - brotli4j not in the classpath; Brotli support will be unavailable.
2023-02-02 20:23:31,529 DEBUG [main] ThreadLocalRandom:214 - -Dio.netty.initialSeedUniquifier: 0xbb55dea675549743
